<?xml version="1.0" encoding="UTF-8"?>
<!-- Generated by org.testng.reporters.JUnitXMLReporter -->
<testsuite ignored="0" hostname="LAPTOP-GE2A44N2" failures="1" tests="2" name="Test" time="0.051" errors="0" timestamp="2024-11-09T12:30:03 IST">
  <testcase classname="ListenersPractice.TestClassforLis" name="testMethod1" time="0.009">
    <failure type="java.lang.AssertionError" message="null">
      <![CDATA[java.lang.AssertionError: null
at ListenersPractice.TestClassforLis.testMethod1(TestClassforLis.java:11)
at java.base/java.util.ArrayList.forEach(ArrayList.java:1597)
... Removed 27 stack frames]]>
    </failure>
  </testcase> <!-- testMethod1 -->
  <testcase classname="ListenersPractice.TestClassforLis" name="testMethod2" time="0.0">
    <skipped/>
  </testcase> <!-- testMethod2 -->
</testsuite> <!-- Test -->
