<?xml version="1.0" encoding="UTF-8"?>
<testng-results ignored="0" total="2" passed="0" failed="1" skipped="1">
  <reporter-output>
    <line>
      <![CDATA[@BeforeSuite]]>
    </line>
    <line>
      <![CDATA[@BeforeTest]]>
    </line>
    <line>
      <![CDATA[@BeforeClass]]>
    </line>
    <line>
      <![CDATA[@BeforeMethod]]>
    </line>
    <line>
      <![CDATA[@Test1]]>
    </line>
    <line>
      <![CDATA[@AfterMethod]]>
    </line>
    <line>
      <![CDATA[@AfterClass]]>
    </line>
    <line>
      <![CDATA[@AfterTest]]>
    </line>
    <line>
      <![CDATA[@Aftersuited]]>
    </line>
  </reporter-output>
  <suite started-at="2024-11-09T12:30:02 IST" name="Suite" finished-at="2024-11-09T12:30:02 IST" duration-ms="51">
    <groups>
    </groups>
    <test started-at="2024-11-09T12:30:02 IST" name="Test" finished-at="2024-11-09T12:30:02 IST" duration-ms="51">
      <class name="ListenersPractice.TestClassforLis">
        <test-method is-config="true" signature="suiteConfig()[pri:0, instance:ListenersPractice.TestClassforLis@13e344d]" started-at="2024-11-09T12:30:02 IST" name="suiteConfig" finished-at="2024-11-09T12:30:02 IST" duration-ms="6" status="PASS">
          <reporter-output>
            <line>
              <![CDATA[@BeforeSuite]]>
            </line>
          </reporter-output>
        </test-method> <!-- suiteConfig -->
        <test-method is-config="true" signature="testConfig()[pri:0, instance:ListenersPractice.TestClassforLis@13e344d]" started-at="2024-11-09T12:30:02 IST" name="testConfig" finished-at="2024-11-09T12:30:02 IST" duration-ms="0" status="PASS">
          <reporter-output>
            <line>
              <![CDATA[@BeforeTest]]>
            </line>
          </reporter-output>
        </test-method> <!-- testConfig -->
        <test-method is-config="true" signature="classConfig()[pri:0, instance:ListenersPractice.TestClassforLis@13e344d]" started-at="2024-11-09T12:30:02 IST" name="classConfig" finished-at="2024-11-09T12:30:02 IST" duration-ms="0" status="PASS">
          <reporter-output>
            <line>
              <![CDATA[@BeforeClass]]>
            </line>
          </reporter-output>
        </test-method> <!-- classConfig -->
        <test-method is-config="true" signature="methodConfig()[pri:0, instance:ListenersPractice.TestClassforLis@13e344d]" started-at="2024-11-09T12:30:02 IST" name="methodConfig" finished-at="2024-11-09T12:30:02 IST" duration-ms="1" status="PASS">
          <reporter-output>
            <line>
              <![CDATA[@BeforeMethod]]>
            </line>
          </reporter-output>
        </test-method> <!-- methodConfig -->
        <test-method signature="testMethod1()[pri:0, instance:ListenersPractice.TestClassforLis@13e344d]" started-at="2024-11-09T12:30:02 IST" name="testMethod1" finished-at="2024-11-09T12:30:02 IST" duration-ms="9" status="FAIL">
          <exception class="java.lang.AssertionError">
            <message>
              <![CDATA[null]]>
            </message>
            <full-stacktrace>
              <![CDATA[java.lang.AssertionError: null
at org.testng.Assert.fail(Assert.java:99)
at org.testng.Assert.fail(Assert.java:106)
at ListenersPractice.TestClassforLis.testMethod1(TestClassforLis.java:11)
at java.base/jdk.internal.reflect.DirectMethodHandleAccessor.invoke(DirectMethodHandleAccessor.java:103)
at java.base/java.lang.reflect.Method.invoke(Method.java:580)
at org.testng.internal.MethodInvocationHelper.invokeMethod(MethodInvocationHelper.java:133)
at org.testng.internal.TestInvoker.invokeMethod(TestInvoker.java:598)
at org.testng.internal.TestInvoker.invokeTestMethod(TestInvoker.java:173)
at org.testng.internal.MethodRunner.runInSequence(MethodRunner.java:46)
at org.testng.internal.TestInvoker$MethodInvocationAgent.invoke(TestInvoker.java:824)
at org.testng.internal.TestInvoker.invokeTestMethods(TestInvoker.java:146)
at org.testng.internal.TestMethodWorker.invokeTestMethods(TestMethodWorker.java:146)
at org.testng.internal.TestMethodWorker.run(TestMethodWorker.java:128)
at java.base/java.util.ArrayList.forEach(ArrayList.java:1597)
at org.testng.TestRunner.privateRun(TestRunner.java:794)
at org.testng.TestRunner.run(TestRunner.java:596)
at org.testng.SuiteRunner.runTest(SuiteRunner.java:377)
at org.testng.SuiteRunner.runSequentially(SuiteRunner.java:371)
at org.testng.SuiteRunner.privateRun(SuiteRunner.java:332)
at org.testng.SuiteRunner.run(SuiteRunner.java:276)
at org.testng.SuiteRunnerWorker.runSuite(SuiteRunnerWorker.java:53)
at org.testng.SuiteRunnerWorker.run(SuiteRunnerWorker.java:96)
at org.testng.TestNG.runSuitesSequentially(TestNG.java:1212)
at org.testng.TestNG.runSuitesLocally(TestNG.java:1134)
at org.testng.TestNG.runSuites(TestNG.java:1063)
at org.testng.TestNG.run(TestNG.java:1031)
at org.testng.remote.AbstractRemoteTestNG.run(AbstractRemoteTestNG.java:115)
at org.testng.remote.RemoteTestNG.initAndRun(RemoteTestNG.java:293)
at org.testng.remote.RemoteTestNG.main(RemoteTestNG.java:91)
]]>
            </full-stacktrace>
          </exception> <!-- java.lang.AssertionError -->
          <reporter-output>
            <line>
              <![CDATA[@Test1]]>
            </line>
          </reporter-output>
        </test-method> <!-- testMethod1 -->
        <test-method is-config="true" signature="methodTearDown()[pri:0, instance:ListenersPractice.TestClassforLis@13e344d]" started-at="2024-11-09T12:30:02 IST" name="methodTearDown" finished-at="2024-11-09T12:30:02 IST" duration-ms="0" status="PASS">
          <reporter-output>
            <line>
              <![CDATA[@AfterMethod]]>
            </line>
          </reporter-output>
        </test-method> <!-- methodTearDown -->
        <test-method signature="testMethod2()[pri:0, instance:ListenersPractice.TestClassforLis@13e344d]" started-at="2024-11-09T12:30:02 IST" name="testMethod2" finished-at="2024-11-09T12:30:02 IST" depends-on-methods="ListenersPractice.TestClassforLis.testMethod1" duration-ms="0" status="SKIP">
          <exception class="java.lang.Throwable">
            <message>
              <![CDATA[Method TestClassforLis.testMethod2()[pri:0, instance:ListenersPractice.TestClassforLis@13e344d] depends on not successfully finished methods]]>
            </message>
            <full-stacktrace>
              <![CDATA[java.lang.Throwable: Method TestClassforLis.testMethod2()[pri:0, instance:ListenersPractice.TestClassforLis@13e344d] depends on not successfully finished methods
at org.testng.internal.TestInvoker.invokeTestMethods(TestInvoker.java:102)
at org.testng.internal.TestMethodWorker.invokeTestMethods(TestMethodWorker.java:146)
at org.testng.internal.TestMethodWorker.run(TestMethodWorker.java:128)
at java.base/java.util.ArrayList.forEach(ArrayList.java:1597)
at org.testng.TestRunner.privateRun(TestRunner.java:794)
at org.testng.TestRunner.run(TestRunner.java:596)
at org.testng.SuiteRunner.runTest(SuiteRunner.java:377)
at org.testng.SuiteRunner.runSequentially(SuiteRunner.java:371)
at org.testng.SuiteRunner.privateRun(SuiteRunner.java:332)
at org.testng.SuiteRunner.run(SuiteRunner.java:276)
at org.testng.SuiteRunnerWorker.runSuite(SuiteRunnerWorker.java:53)
at org.testng.SuiteRunnerWorker.run(SuiteRunnerWorker.java:96)
at org.testng.TestNG.runSuitesSequentially(TestNG.java:1212)
at org.testng.TestNG.runSuitesLocally(TestNG.java:1134)
at org.testng.TestNG.runSuites(TestNG.java:1063)
at org.testng.TestNG.run(TestNG.java:1031)
at org.testng.remote.AbstractRemoteTestNG.run(AbstractRemoteTestNG.java:115)
at org.testng.remote.RemoteTestNG.initAndRun(RemoteTestNG.java:293)
at org.testng.remote.RemoteTestNG.main(RemoteTestNG.java:91)
]]>
            </full-stacktrace>
          </exception> <!-- java.lang.Throwable -->
          <reporter-output>
          </reporter-output>
        </test-method> <!-- testMethod2 -->
        <test-method is-config="true" signature="CLassTearDown()[pri:0, instance:ListenersPractice.TestClassforLis@13e344d]" started-at="2024-11-09T12:30:02 IST" name="CLassTearDown" finished-at="2024-11-09T12:30:02 IST" duration-ms="1" status="PASS">
          <reporter-output>
            <line>
              <![CDATA[@AfterClass]]>
            </line>
          </reporter-output>
        </test-method> <!-- CLassTearDown -->
        <test-method is-config="true" signature="testTearDown()[pri:0, instance:ListenersPractice.TestClassforLis@13e344d]" started-at="2024-11-09T12:30:02 IST" name="testTearDown" finished-at="2024-11-09T12:30:02 IST" duration-ms="0" status="PASS">
          <reporter-output>
            <line>
              <![CDATA[@AfterTest]]>
            </line>
          </reporter-output>
        </test-method> <!-- testTearDown -->
        <test-method is-config="true" signature="suiteTearDown()[pri:0, instance:ListenersPractice.TestClassforLis@13e344d]" started-at="2024-11-09T12:30:03 IST" name="suiteTearDown" finished-at="2024-11-09T12:30:03 IST" duration-ms="0" status="PASS">
          <reporter-output>
            <line>
              <![CDATA[@Aftersuited]]>
            </line>
          </reporter-output>
        </test-method> <!-- suiteTearDown -->
      </class> <!-- ListenersPractice.TestClassforLis -->
    </test> <!-- Test -->
  </suite> <!-- Suite -->
</testng-results>
